<?xml version="1.0" encoding="UTF-8"?>
<robot generator="Robot 7.3.2 (Python 3.13.7 on win32)" generated="2025-11-25T12:45:47.074352" rpa="false" schemaversion="5">
<suite id="s1" name="Login" source="E:\MyCodingProject\gym-tracker-client\tests\authentication\login.robot">
<test id="s1-t1" name="Login Existing User" line="11">
<kw name="Open Browser" owner="SeleniumLibrary">
<msg time="2025-11-25T12:45:47.210858" level="INFO">Opening browser 'chrome' to base url 'http://localhost:5173/login'.</msg>
<arg>${BASE_URL}/login</arg>
<arg>chrome</arg>
<doc>Opens a new browser instance to the optional ``url``.</doc>
<status status="PASS" start="2025-11-25T12:45:47.210676" elapsed="1.134365"/>
</kw>
<kw name="Input Text" owner="SeleniumLibrary">
<msg time="2025-11-25T12:45:48.345798" level="INFO">Typing text 'elmurmeli123+123456@gmail.com' into text field 'xpath=//*[@data-testid="email-input"]'.</msg>
<arg>${EMAIL_INPUT}</arg>
<arg>${EMAIL}</arg>
<doc>Types the given ``text`` into the text field identified by ``locator``.</doc>
<status status="PASS" start="2025-11-25T12:45:48.345383" elapsed="0.062467"/>
</kw>
<kw name="Input Text" owner="SeleniumLibrary">
<msg time="2025-11-25T12:45:48.408317" level="INFO">Typing text 'testi123' into text field 'xpath=//*[@data-testid="password-input"]'.</msg>
<arg>${PASSWORD_INPUT}</arg>
<arg>${PASSWORD}</arg>
<doc>Types the given ``text`` into the text field identified by ``locator``.</doc>
<status status="PASS" start="2025-11-25T12:45:48.408107" elapsed="0.036936"/>
</kw>
<kw name="Click Button" owner="SeleniumLibrary">
<msg time="2025-11-25T12:45:48.445508" level="INFO">Clicking button 'xpath=//*[@data-testid="login-btn"]'.</msg>
<arg>${LOGIN_BTN}</arg>
<doc>Clicks the button identified by ``locator``.</doc>
<status status="PASS" start="2025-11-25T12:45:48.445306" elapsed="0.033862"/>
</kw>
<kw name="Wait Until Page Contains" owner="SeleniumLibrary">
<arg>Logged in as:</arg>
<doc>Waits until ``text`` appears on the current page.</doc>
<status status="PASS" start="2025-11-25T12:45:48.479434" elapsed="0.617890"/>
</kw>
<kw name="Close Browser" owner="SeleniumLibrary">
<doc>Closes the current browser.</doc>
<status status="PASS" start="2025-11-25T12:45:49.097556" elapsed="2.062687"/>
</kw>
<status status="PASS" start="2025-11-25T12:45:47.210127" elapsed="3.950409"/>
</test>
<status status="PASS" start="2025-11-25T12:45:47.075210" elapsed="4.085835"/>
</suite>
<statistics>
<total>
<stat pass="1" fail="0" skip="0">All Tests</stat>
</total>
<tag>
</tag>
<suite>
<stat name="Login" id="s1" pass="1" fail="0" skip="0">Login</stat>
</suite>
</statistics>
<errors>
</errors>
</robot>
